07-Mar-2016 13:50:32.860 INFO [main] org.apache.catalina.core.StandardServer.await A valid shutdown command was received via the shutdown port. Stopping the Server instance.
07-Mar-2016 13:50:32.862 INFO [main] org.apache.coyote.AbstractProtocol.pause Pausing ProtocolHandler ["http-nio-8181"]
07-Mar-2016 13:50:32.913 INFO [main] org.apache.coyote.AbstractProtocol.pause Pausing ProtocolHandler ["ajp-nio-8009"]
07-Mar-2016 13:50:32.963 INFO [main] org.apache.catalina.core.StandardService.stopInternal Stopping service Catalina
07-Mar-2016 13:50:32.990 WARNING [localhost-startStop-2] org.apache.catalina.loader.WebappClassLoaderBase.clearReferencesThreads The web application [manager] appears to have started a thread named [Abandoned connection cleanup thread] but has failed to stop it. This is very likely to create a memory leak. Stack trace of thread:
 java.lang.Object.wait(Native Method)
 java.lang.ref.ReferenceQueue.remove(ReferenceQueue.java:135)
 com.mysql.jdbc.AbandonedConnectionCleanupThread.run(AbandonedConnectionCleanupThread.java:43)
07-Mar-2016 13:50:33.017 WARNING [localhost-startStop-2] org.apache.catalina.loader.WebappClassLoaderBase.clearReferencesJdbc The web application [laboration5] registered the JDBC driver [com.mysql.jdbc.Driver] but failed to unregister it when the web application was stopped. To prevent a memory leak, the JDBC Driver has been forcibly unregistered.
07-Mar-2016 13:50:33.018 WARNING [localhost-startStop-2] org.apache.catalina.loader.WebappClassLoaderBase.clearReferencesThreads The web application [laboration5] appears to have started a thread named [Abandoned connection cleanup thread] but has failed to stop it. This is very likely to create a memory leak. Stack trace of thread:
 java.lang.Object.wait(Native Method)
 java.lang.ref.ReferenceQueue.remove(ReferenceQueue.java:135)
 com.mysql.jdbc.AbandonedConnectionCleanupThread.run(AbandonedConnectionCleanupThread.java:43)
07-Mar-2016 13:50:33.056 INFO [main] org.apache.coyote.AbstractProtocol.stop Stopping ProtocolHandler ["http-nio-8181"]
07-Mar-2016 13:50:33.136 INFO [main] org.apache.coyote.AbstractProtocol.stop Stopping ProtocolHandler ["ajp-nio-8009"]
07-Mar-2016 13:50:33.154 INFO [main] org.apache.coyote.AbstractProtocol.destroy Destroying ProtocolHandler ["http-nio-8181"]
07-Mar-2016 13:50:33.155 INFO [main] org.apache.coyote.AbstractProtocol.destroy Destroying ProtocolHandler ["ajp-nio-8009"]
07-Mar-2016 13:50:33.635 INFO [main] org.apache.catalina.startup.VersionLoggerListener.log Server version:        Apache Tomcat/8.0.32
07-Mar-2016 13:50:33.636 INFO [main] org.apache.catalina.startup.VersionLoggerListener.log Server built:          Feb 2 2016 19:34:53 UTC
07-Mar-2016 13:50:33.637 INFO [main] org.apache.catalina.startup.VersionLoggerListener.log Server number:         8.0.32.0
07-Mar-2016 13:50:33.637 INFO [main] org.apache.catalina.startup.VersionLoggerListener.log OS Name:               Linux
07-Mar-2016 13:50:33.637 INFO [main] org.apache.catalina.startup.VersionLoggerListener.log OS Version:            3.13.0-54-generic
07-Mar-2016 13:50:33.637 INFO [main] org.apache.catalina.startup.VersionLoggerListener.log Architecture:          amd64
07-Mar-2016 13:50:33.637 INFO [main] org.apache.catalina.startup.VersionLoggerListener.log Java Home:             /usr/lib/jvm/java-7-oracle/jre
07-Mar-2016 13:50:33.637 INFO [main] org.apache.catalina.startup.VersionLoggerListener.log JVM Version:           1.7.0_80-b15
07-Mar-2016 13:50:33.638 INFO [main] org.apache.catalina.startup.VersionLoggerListener.log JVM Vendor:            Oracle Corporation
07-Mar-2016 13:50:33.638 INFO [main] org.apache.catalina.startup.VersionLoggerListener.log CATALINA_BASE:         /home/martin/development/school/Inet/lab5/src/apache-tomcat-8.0.32
07-Mar-2016 13:50:33.638 INFO [main] org.apache.catalina.startup.VersionLoggerListener.log CATALINA_HOME:         /home/martin/development/school/Inet/lab5/src/apache-tomcat-8.0.32
07-Mar-2016 13:50:33.638 INFO [main] org.apache.catalina.startup.VersionLoggerListener.log Command line argument: -Djava.util.logging.config.file=/home/martin/development/school/Inet/lab5/src/apache-tomcat-8.0.32/conf/logging.properties
07-Mar-2016 13:50:33.639 INFO [main] org.apache.catalina.startup.VersionLoggerListener.log Command line argument: -Djava.util.logging.manager=org.apache.juli.ClassLoaderLogManager
07-Mar-2016 13:50:33.639 INFO [main] org.apache.catalina.startup.VersionLoggerListener.log Command line argument: -Djava.endorsed.dirs=/home/martin/development/school/Inet/lab5/src/apache-tomcat-8.0.32/endorsed
07-Mar-2016 13:50:33.639 INFO [main] org.apache.catalina.startup.VersionLoggerListener.log Command line argument: -Dcatalina.base=/home/martin/development/school/Inet/lab5/src/apache-tomcat-8.0.32
07-Mar-2016 13:50:33.639 INFO [main] org.apache.catalina.startup.VersionLoggerListener.log Command line argument: -Dcatalina.home=/home/martin/development/school/Inet/lab5/src/apache-tomcat-8.0.32
07-Mar-2016 13:50:33.639 INFO [main] org.apache.catalina.startup.VersionLoggerListener.log Command line argument: -Djava.io.tmpdir=/home/martin/development/school/Inet/lab5/src/apache-tomcat-8.0.32/temp
07-Mar-2016 13:50:33.639 INFO [main] org.apache.catalina.core.AprLifecycleListener.lifecycleEvent The APR based Apache Tomcat Native library which allows optimal performance in production environments was not found on the java.library.path: /usr/java/packages/lib/amd64:/usr/lib64:/lib64:/lib:/usr/lib
07-Mar-2016 13:50:33.829 INFO [main] org.apache.coyote.AbstractProtocol.init Initializing ProtocolHandler ["http-nio-8181"]
07-Mar-2016 13:50:33.857 INFO [main] org.apache.tomcat.util.net.NioSelectorPool.getSharedSelector Using a shared selector for servlet write/read
07-Mar-2016 13:50:33.861 INFO [main] org.apache.coyote.AbstractProtocol.init Initializing ProtocolHandler ["ajp-nio-8009"]
07-Mar-2016 13:50:33.865 INFO [main] org.apache.tomcat.util.net.NioSelectorPool.getSharedSelector Using a shared selector for servlet write/read
07-Mar-2016 13:50:33.865 INFO [main] org.apache.catalina.startup.Catalina.load Initialization processed in 800 ms
07-Mar-2016 13:50:33.895 INFO [main] org.apache.catalina.core.StandardService.startInternal Starting service Catalina
07-Mar-2016 13:50:33.895 INFO [main] org.apache.catalina.core.StandardEngine.startInternal Starting Servlet Engine: Apache Tomcat/8.0.32
07-Mar-2016 13:50:33.932 INFO [localhost-startStop-1] org.apache.catalina.startup.HostConfig.deployWAR Deploying web application archive /home/martin/development/school/Inet/lab5/src/apache-tomcat-8.0.32/webapps/forum_bean.war
07-Mar-2016 13:50:34.762 INFO [localhost-startStop-1] org.apache.jasper.servlet.TldScanner.scanJars At least one JAR was scanned for TLDs yet contained no TLDs. Enable debug logging for this logger for a complete list of JARs that were scanned but no TLDs were found in them. Skipping unneeded JARs during scanning can improve startup time and JSP compilation time.
07-Mar-2016 13:50:34.831 INFO [localhost-startStop-1] org.apache.catalina.startup.HostConfig.deployWAR Deployment of web application archive /home/martin/development/school/Inet/lab5/src/apache-tomcat-8.0.32/webapps/forum_bean.war has finished in 898 ms
07-Mar-2016 13:50:34.832 INFO [localhost-startStop-1] org.apache.catalina.startup.HostConfig.deployWAR Deploying web application archive /home/martin/development/school/Inet/lab5/src/apache-tomcat-8.0.32/webapps/laboration5.war
07-Mar-2016 13:50:35.374 INFO [localhost-startStop-1] org.apache.jasper.servlet.TldScanner.scanJars At least one JAR was scanned for TLDs yet contained no TLDs. Enable debug logging for this logger for a complete list of JARs that were scanned but no TLDs were found in them. Skipping unneeded JARs during scanning can improve startup time and JSP compilation time.
07-Mar-2016 13:50:35.397 INFO [localhost-startStop-1] org.apache.catalina.startup.HostConfig.deployWAR Deployment of web application archive /home/martin/development/school/Inet/lab5/src/apache-tomcat-8.0.32/webapps/laboration5.war has finished in 565 ms
07-Mar-2016 13:50:35.398 INFO [localhost-startStop-1] org.apache.catalina.startup.HostConfig.deployDirectory Deploying web application directory /home/martin/development/school/Inet/lab5/src/apache-tomcat-8.0.32/webapps/examples
07-Mar-2016 13:50:35.785 INFO [localhost-startStop-1] org.apache.jasper.servlet.TldScanner.scanJars At least one JAR was scanned for TLDs yet contained no TLDs. Enable debug logging for this logger for a complete list of JARs that were scanned but no TLDs were found in them. Skipping unneeded JARs during scanning can improve startup time and JSP compilation time.
07-Mar-2016 13:50:35.803 INFO [localhost-startStop-1] org.apache.catalina.startup.HostConfig.deployDirectory Deployment of web application directory /home/martin/development/school/Inet/lab5/src/apache-tomcat-8.0.32/webapps/examples has finished in 405 ms
07-Mar-2016 13:50:35.804 INFO [localhost-startStop-1] org.apache.catalina.startup.HostConfig.deployDirectory Deploying web application directory /home/martin/development/school/Inet/lab5/src/apache-tomcat-8.0.32/webapps/host-manager
07-Mar-2016 13:50:35.929 INFO [localhost-startStop-1] org.apache.jasper.servlet.TldScanner.scanJars At least one JAR was scanned for TLDs yet contained no TLDs. Enable debug logging for this logger for a complete list of JARs that were scanned but no TLDs were found in them. Skipping unneeded JARs during scanning can improve startup time and JSP compilation time.
07-Mar-2016 13:50:35.933 INFO [localhost-startStop-1] org.apache.catalina.startup.HostConfig.deployDirectory Deployment of web application directory /home/martin/development/school/Inet/lab5/src/apache-tomcat-8.0.32/webapps/host-manager has finished in 130 ms
07-Mar-2016 13:50:35.934 INFO [localhost-startStop-1] org.apache.catalina.startup.HostConfig.deployDirectory Deploying web application directory /home/martin/development/school/Inet/lab5/src/apache-tomcat-8.0.32/webapps/ROOT
07-Mar-2016 13:50:36.047 INFO [localhost-startStop-1] org.apache.jasper.servlet.TldScanner.scanJars At least one JAR was scanned for TLDs yet contained no TLDs. Enable debug logging for this logger for a complete list of JARs that were scanned but no TLDs were found in them. Skipping unneeded JARs during scanning can improve startup time and JSP compilation time.
07-Mar-2016 13:50:36.049 INFO [localhost-startStop-1] org.apache.catalina.startup.HostConfig.deployDirectory Deployment of web application directory /home/martin/development/school/Inet/lab5/src/apache-tomcat-8.0.32/webapps/ROOT has finished in 115 ms
07-Mar-2016 13:50:36.049 INFO [localhost-startStop-1] org.apache.catalina.startup.HostConfig.deployDirectory Deploying web application directory /home/martin/development/school/Inet/lab5/src/apache-tomcat-8.0.32/webapps/test
07-Mar-2016 13:50:36.194 INFO [localhost-startStop-1] org.apache.jasper.servlet.TldScanner.scanJars At least one JAR was scanned for TLDs yet contained no TLDs. Enable debug logging for this logger for a complete list of JARs that were scanned but no TLDs were found in them. Skipping unneeded JARs during scanning can improve startup time and JSP compilation time.
07-Mar-2016 13:50:36.197 INFO [localhost-startStop-1] org.apache.catalina.startup.HostConfig.deployDirectory Deployment of web application directory /home/martin/development/school/Inet/lab5/src/apache-tomcat-8.0.32/webapps/test has finished in 148 ms
07-Mar-2016 13:50:36.197 INFO [localhost-startStop-1] org.apache.catalina.startup.HostConfig.deployDirectory Deploying web application directory /home/martin/development/school/Inet/lab5/src/apache-tomcat-8.0.32/webapps/manager
07-Mar-2016 13:50:36.304 INFO [localhost-startStop-1] org.apache.jasper.servlet.TldScanner.scanJars At least one JAR was scanned for TLDs yet contained no TLDs. Enable debug logging for this logger for a complete list of JARs that were scanned but no TLDs were found in them. Skipping unneeded JARs during scanning can improve startup time and JSP compilation time.
07-Mar-2016 13:50:36.306 INFO [localhost-startStop-1] org.apache.catalina.startup.HostConfig.deployDirectory Deployment of web application directory /home/martin/development/school/Inet/lab5/src/apache-tomcat-8.0.32/webapps/manager has finished in 109 ms
07-Mar-2016 13:50:36.306 INFO [localhost-startStop-1] org.apache.catalina.startup.HostConfig.deployDirectory Deploying web application directory /home/martin/development/school/Inet/lab5/src/apache-tomcat-8.0.32/webapps/docs
07-Mar-2016 13:50:36.402 INFO [localhost-startStop-1] org.apache.jasper.servlet.TldScanner.scanJars At least one JAR was scanned for TLDs yet contained no TLDs. Enable debug logging for this logger for a complete list of JARs that were scanned but no TLDs were found in them. Skipping unneeded JARs during scanning can improve startup time and JSP compilation time.
07-Mar-2016 13:50:36.404 INFO [localhost-startStop-1] org.apache.catalina.startup.HostConfig.deployDirectory Deployment of web application directory /home/martin/development/school/Inet/lab5/src/apache-tomcat-8.0.32/webapps/docs has finished in 97 ms
07-Mar-2016 13:50:36.407 INFO [main] org.apache.coyote.AbstractProtocol.start Starting ProtocolHandler ["http-nio-8181"]
07-Mar-2016 13:50:36.412 INFO [main] org.apache.coyote.AbstractProtocol.start Starting ProtocolHandler ["ajp-nio-8009"]
07-Mar-2016 13:50:36.413 INFO [main] org.apache.catalina.startup.Catalina.start Server startup in 2547 ms
07-Mar-2016 13:54:14.124 INFO [main] org.apache.catalina.core.StandardServer.await A valid shutdown command was received via the shutdown port. Stopping the Server instance.
07-Mar-2016 13:54:14.125 INFO [main] org.apache.coyote.AbstractProtocol.pause Pausing ProtocolHandler ["http-nio-8181"]
07-Mar-2016 13:54:14.179 INFO [main] org.apache.coyote.AbstractProtocol.pause Pausing ProtocolHandler ["ajp-nio-8009"]
07-Mar-2016 13:54:14.230 INFO [main] org.apache.catalina.core.StandardService.stopInternal Stopping service Catalina
07-Mar-2016 13:54:14.287 INFO [main] org.apache.coyote.AbstractProtocol.stop Stopping ProtocolHandler ["http-nio-8181"]
07-Mar-2016 13:54:14.288 INFO [main] org.apache.coyote.AbstractProtocol.stop Stopping ProtocolHandler ["ajp-nio-8009"]
07-Mar-2016 13:54:14.288 INFO [main] org.apache.coyote.AbstractProtocol.destroy Destroying ProtocolHandler ["http-nio-8181"]
07-Mar-2016 13:54:14.289 INFO [main] org.apache.coyote.AbstractProtocol.destroy Destroying ProtocolHandler ["ajp-nio-8009"]
07-Mar-2016 13:54:14.972 INFO [main] org.apache.catalina.startup.VersionLoggerListener.log Server version:        Apache Tomcat/8.0.32
07-Mar-2016 13:54:14.973 INFO [main] org.apache.catalina.startup.VersionLoggerListener.log Server built:          Feb 2 2016 19:34:53 UTC
07-Mar-2016 13:54:14.973 INFO [main] org.apache.catalina.startup.VersionLoggerListener.log Server number:         8.0.32.0
07-Mar-2016 13:54:14.973 INFO [main] org.apache.catalina.startup.VersionLoggerListener.log OS Name:               Linux
07-Mar-2016 13:54:14.974 INFO [main] org.apache.catalina.startup.VersionLoggerListener.log OS Version:            3.13.0-54-generic
07-Mar-2016 13:54:14.974 INFO [main] org.apache.catalina.startup.VersionLoggerListener.log Architecture:          amd64
07-Mar-2016 13:54:14.974 INFO [main] org.apache.catalina.startup.VersionLoggerListener.log Java Home:             /usr/lib/jvm/java-7-oracle/jre
07-Mar-2016 13:54:14.974 INFO [main] org.apache.catalina.startup.VersionLoggerListener.log JVM Version:           1.7.0_80-b15
07-Mar-2016 13:54:14.974 INFO [main] org.apache.catalina.startup.VersionLoggerListener.log JVM Vendor:            Oracle Corporation
07-Mar-2016 13:54:14.974 INFO [main] org.apache.catalina.startup.VersionLoggerListener.log CATALINA_BASE:         /home/martin/development/school/Inet/lab5/src/apache-tomcat-8.0.32
07-Mar-2016 13:54:14.974 INFO [main] org.apache.catalina.startup.VersionLoggerListener.log CATALINA_HOME:         /home/martin/development/school/Inet/lab5/src/apache-tomcat-8.0.32
07-Mar-2016 13:54:14.975 INFO [main] org.apache.catalina.startup.VersionLoggerListener.log Command line argument: -Djava.util.logging.config.file=/home/martin/development/school/Inet/lab5/src/apache-tomcat-8.0.32/conf/logging.properties
07-Mar-2016 13:54:14.975 INFO [main] org.apache.catalina.startup.VersionLoggerListener.log Command line argument: -Djava.util.logging.manager=org.apache.juli.ClassLoaderLogManager
07-Mar-2016 13:54:14.975 INFO [main] org.apache.catalina.startup.VersionLoggerListener.log Command line argument: -Djava.endorsed.dirs=/home/martin/development/school/Inet/lab5/src/apache-tomcat-8.0.32/endorsed
07-Mar-2016 13:54:14.975 INFO [main] org.apache.catalina.startup.VersionLoggerListener.log Command line argument: -Dcatalina.base=/home/martin/development/school/Inet/lab5/src/apache-tomcat-8.0.32
07-Mar-2016 13:54:14.975 INFO [main] org.apache.catalina.startup.VersionLoggerListener.log Command line argument: -Dcatalina.home=/home/martin/development/school/Inet/lab5/src/apache-tomcat-8.0.32
07-Mar-2016 13:54:14.975 INFO [main] org.apache.catalina.startup.VersionLoggerListener.log Command line argument: -Djava.io.tmpdir=/home/martin/development/school/Inet/lab5/src/apache-tomcat-8.0.32/temp
07-Mar-2016 13:54:14.975 INFO [main] org.apache.catalina.core.AprLifecycleListener.lifecycleEvent The APR based Apache Tomcat Native library which allows optimal performance in production environments was not found on the java.library.path: /usr/java/packages/lib/amd64:/usr/lib64:/lib64:/lib:/usr/lib
07-Mar-2016 13:54:15.198 INFO [main] org.apache.coyote.AbstractProtocol.init Initializing ProtocolHandler ["http-nio-8181"]
07-Mar-2016 13:54:15.230 INFO [main] org.apache.tomcat.util.net.NioSelectorPool.getSharedSelector Using a shared selector for servlet write/read
07-Mar-2016 13:54:15.234 INFO [main] org.apache.coyote.AbstractProtocol.init Initializing ProtocolHandler ["ajp-nio-8009"]
07-Mar-2016 13:54:15.238 INFO [main] org.apache.tomcat.util.net.NioSelectorPool.getSharedSelector Using a shared selector for servlet write/read
07-Mar-2016 13:54:15.238 INFO [main] org.apache.catalina.startup.Catalina.load Initialization processed in 876 ms
07-Mar-2016 13:54:15.264 INFO [main] org.apache.catalina.core.StandardService.startInternal Starting service Catalina
07-Mar-2016 13:54:15.265 INFO [main] org.apache.catalina.core.StandardEngine.startInternal Starting Servlet Engine: Apache Tomcat/8.0.32
07-Mar-2016 13:54:15.289 INFO [localhost-startStop-1] org.apache.catalina.startup.HostConfig.deployWAR Deploying web application archive /home/martin/development/school/Inet/lab5/src/apache-tomcat-8.0.32/webapps/forum_bean.war
07-Mar-2016 13:54:16.092 INFO [localhost-startStop-1] org.apache.jasper.servlet.TldScanner.scanJars At least one JAR was scanned for TLDs yet contained no TLDs. Enable debug logging for this logger for a complete list of JARs that were scanned but no TLDs were found in them. Skipping unneeded JARs during scanning can improve startup time and JSP compilation time.
07-Mar-2016 13:54:16.154 INFO [localhost-startStop-1] org.apache.catalina.startup.HostConfig.deployWAR Deployment of web application archive /home/martin/development/school/Inet/lab5/src/apache-tomcat-8.0.32/webapps/forum_bean.war has finished in 864 ms
07-Mar-2016 13:54:16.154 INFO [localhost-startStop-1] org.apache.catalina.startup.HostConfig.deployWAR Deploying web application archive /home/martin/development/school/Inet/lab5/src/apache-tomcat-8.0.32/webapps/laboration5.war
07-Mar-2016 13:54:16.674 INFO [localhost-startStop-1] org.apache.jasper.servlet.TldScanner.scanJars At least one JAR was scanned for TLDs yet contained no TLDs. Enable debug logging for this logger for a complete list of JARs that were scanned but no TLDs were found in them. Skipping unneeded JARs during scanning can improve startup time and JSP compilation time.
07-Mar-2016 13:54:16.696 INFO [localhost-startStop-1] org.apache.catalina.startup.HostConfig.deployWAR Deployment of web application archive /home/martin/development/school/Inet/lab5/src/apache-tomcat-8.0.32/webapps/laboration5.war has finished in 542 ms
07-Mar-2016 13:54:16.697 INFO [localhost-startStop-1] org.apache.catalina.startup.HostConfig.deployDirectory Deploying web application directory /home/martin/development/school/Inet/lab5/src/apache-tomcat-8.0.32/webapps/examples
07-Mar-2016 13:54:17.124 INFO [localhost-startStop-1] org.apache.jasper.servlet.TldScanner.scanJars At least one JAR was scanned for TLDs yet contained no TLDs. Enable debug logging for this logger for a complete list of JARs that were scanned but no TLDs were found in them. Skipping unneeded JARs during scanning can improve startup time and JSP compilation time.
07-Mar-2016 13:54:17.150 INFO [localhost-startStop-1] org.apache.catalina.startup.HostConfig.deployDirectory Deployment of web application directory /home/martin/development/school/Inet/lab5/src/apache-tomcat-8.0.32/webapps/examples has finished in 452 ms
07-Mar-2016 13:54:17.150 INFO [localhost-startStop-1] org.apache.catalina.startup.HostConfig.deployDirectory Deploying web application directory /home/martin/development/school/Inet/lab5/src/apache-tomcat-8.0.32/webapps/host-manager
07-Mar-2016 13:54:17.301 INFO [localhost-startStop-1] org.apache.jasper.servlet.TldScanner.scanJars At least one JAR was scanned for TLDs yet contained no TLDs. Enable debug logging for this logger for a complete list of JARs that were scanned but no TLDs were found in them. Skipping unneeded JARs during scanning can improve startup time and JSP compilation time.
07-Mar-2016 13:54:17.306 INFO [localhost-startStop-1] org.apache.catalina.startup.HostConfig.deployDirectory Deployment of web application directory /home/martin/development/school/Inet/lab5/src/apache-tomcat-8.0.32/webapps/host-manager has finished in 156 ms
07-Mar-2016 13:54:17.306 INFO [localhost-startStop-1] org.apache.catalina.startup.HostConfig.deployDirectory Deploying web application directory /home/martin/development/school/Inet/lab5/src/apache-tomcat-8.0.32/webapps/ROOT
07-Mar-2016 13:54:17.415 INFO [localhost-startStop-1] org.apache.jasper.servlet.TldScanner.scanJars At least one JAR was scanned for TLDs yet contained no TLDs. Enable debug logging for this logger for a complete list of JARs that were scanned but no TLDs were found in them. Skipping unneeded JARs during scanning can improve startup time and JSP compilation time.
07-Mar-2016 13:54:17.418 INFO [localhost-startStop-1] org.apache.catalina.startup.HostConfig.deployDirectory Deployment of web application directory /home/martin/development/school/Inet/lab5/src/apache-tomcat-8.0.32/webapps/ROOT has finished in 112 ms
07-Mar-2016 13:54:17.418 INFO [localhost-startStop-1] org.apache.catalina.startup.HostConfig.deployDirectory Deploying web application directory /home/martin/development/school/Inet/lab5/src/apache-tomcat-8.0.32/webapps/test
07-Mar-2016 13:54:17.528 INFO [localhost-startStop-1] org.apache.jasper.servlet.TldScanner.scanJars At least one JAR was scanned for TLDs yet contained no TLDs. Enable debug logging for this logger for a complete list of JARs that were scanned but no TLDs were found in them. Skipping unneeded JARs during scanning can improve startup time and JSP compilation time.
07-Mar-2016 13:54:17.531 INFO [localhost-startStop-1] org.apache.catalina.startup.HostConfig.deployDirectory Deployment of web application directory /home/martin/development/school/Inet/lab5/src/apache-tomcat-8.0.32/webapps/test has finished in 113 ms
07-Mar-2016 13:54:17.531 INFO [localhost-startStop-1] org.apache.catalina.startup.HostConfig.deployDirectory Deploying web application directory /home/martin/development/school/Inet/lab5/src/apache-tomcat-8.0.32/webapps/manager
07-Mar-2016 13:54:17.669 INFO [localhost-startStop-1] org.apache.jasper.servlet.TldScanner.scanJars At least one JAR was scanned for TLDs yet contained no TLDs. Enable debug logging for this logger for a complete list of JARs that were scanned but no TLDs were found in them. Skipping unneeded JARs during scanning can improve startup time and JSP compilation time.
07-Mar-2016 13:54:17.671 INFO [localhost-startStop-1] org.apache.catalina.startup.HostConfig.deployDirectory Deployment of web application directory /home/martin/development/school/Inet/lab5/src/apache-tomcat-8.0.32/webapps/manager has finished in 140 ms
07-Mar-2016 13:54:17.671 INFO [localhost-startStop-1] org.apache.catalina.startup.HostConfig.deployDirectory Deploying web application directory /home/martin/development/school/Inet/lab5/src/apache-tomcat-8.0.32/webapps/docs
07-Mar-2016 13:54:17.762 INFO [localhost-startStop-1] org.apache.jasper.servlet.TldScanner.scanJars At least one JAR was scanned for TLDs yet contained no TLDs. Enable debug logging for this logger for a complete list of JARs that were scanned but no TLDs were found in them. Skipping unneeded JARs during scanning can improve startup time and JSP compilation time.
07-Mar-2016 13:54:17.763 INFO [localhost-startStop-1] org.apache.catalina.startup.HostConfig.deployDirectory Deployment of web application directory /home/martin/development/school/Inet/lab5/src/apache-tomcat-8.0.32/webapps/docs has finished in 92 ms
07-Mar-2016 13:54:17.772 INFO [main] org.apache.coyote.AbstractProtocol.start Starting ProtocolHandler ["http-nio-8181"]
07-Mar-2016 13:54:17.778 INFO [main] org.apache.coyote.AbstractProtocol.start Starting ProtocolHandler ["ajp-nio-8009"]
07-Mar-2016 13:54:17.778 INFO [main] org.apache.catalina.startup.Catalina.start Server startup in 2539 ms
07-Mar-2016 13:54:37.775 INFO [ContainerBackgroundProcessor[StandardEngine[Catalina]]] org.apache.catalina.startup.HostConfig.undeploy Undeploying context [/laboration5]
07-Mar-2016 13:54:37.846 INFO [localhost-startStop-2] org.apache.catalina.startup.HostConfig.deployWAR Deploying web application archive /home/martin/development/school/Inet/lab5/src/apache-tomcat-8.0.32/webapps/laboration5.war
07-Mar-2016 13:54:38.133 INFO [localhost-startStop-2] org.apache.jasper.servlet.TldScanner.scanJars At least one JAR was scanned for TLDs yet contained no TLDs. Enable debug logging for this logger for a complete list of JARs that were scanned but no TLDs were found in them. Skipping unneeded JARs during scanning can improve startup time and JSP compilation time.
07-Mar-2016 13:54:38.143 INFO [localhost-startStop-2] org.apache.catalina.startup.HostConfig.deployWAR Deployment of web application archive /home/martin/development/school/Inet/lab5/src/apache-tomcat-8.0.32/webapps/laboration5.war has finished in 297 ms
