02-Mar-2016 07:47:36.162 INFO [main] org.apache.catalina.startup.VersionLoggerListener.log Server version:        Apache Tomcat/8.0.32
02-Mar-2016 07:47:36.164 INFO [main] org.apache.catalina.startup.VersionLoggerListener.log Server built:          Feb 2 2016 19:34:53 UTC
02-Mar-2016 07:47:36.164 INFO [main] org.apache.catalina.startup.VersionLoggerListener.log Server number:         8.0.32.0
02-Mar-2016 07:47:36.165 INFO [main] org.apache.catalina.startup.VersionLoggerListener.log OS Name:               Linux
02-Mar-2016 07:47:36.165 INFO [main] org.apache.catalina.startup.VersionLoggerListener.log OS Version:            3.13.0-54-generic
02-Mar-2016 07:47:36.165 INFO [main] org.apache.catalina.startup.VersionLoggerListener.log Architecture:          amd64
02-Mar-2016 07:47:36.165 INFO [main] org.apache.catalina.startup.VersionLoggerListener.log Java Home:             /usr/lib/jvm/java-7-oracle/jre
02-Mar-2016 07:47:36.166 INFO [main] org.apache.catalina.startup.VersionLoggerListener.log JVM Version:           1.7.0_80-b15
02-Mar-2016 07:47:36.166 INFO [main] org.apache.catalina.startup.VersionLoggerListener.log JVM Vendor:            Oracle Corporation
02-Mar-2016 07:47:36.166 INFO [main] org.apache.catalina.startup.VersionLoggerListener.log CATALINA_BASE:         /home/martin/development/school/Inet/lab5/src/apache-tomcat-8.0.32
02-Mar-2016 07:47:36.166 INFO [main] org.apache.catalina.startup.VersionLoggerListener.log CATALINA_HOME:         /home/martin/development/school/Inet/lab5/src/apache-tomcat-8.0.32
02-Mar-2016 07:47:36.168 INFO [main] org.apache.catalina.startup.VersionLoggerListener.log Command line argument: -Djava.util.logging.config.file=/home/martin/development/school/Inet/lab5/src/apache-tomcat-8.0.32/conf/logging.properties
02-Mar-2016 07:47:36.168 INFO [main] org.apache.catalina.startup.VersionLoggerListener.log Command line argument: -Djava.util.logging.manager=org.apache.juli.ClassLoaderLogManager
02-Mar-2016 07:47:36.168 INFO [main] org.apache.catalina.startup.VersionLoggerListener.log Command line argument: -Djava.endorsed.dirs=/home/martin/development/school/Inet/lab5/src/apache-tomcat-8.0.32/endorsed
02-Mar-2016 07:47:36.168 INFO [main] org.apache.catalina.startup.VersionLoggerListener.log Command line argument: -Dcatalina.base=/home/martin/development/school/Inet/lab5/src/apache-tomcat-8.0.32
02-Mar-2016 07:47:36.168 INFO [main] org.apache.catalina.startup.VersionLoggerListener.log Command line argument: -Dcatalina.home=/home/martin/development/school/Inet/lab5/src/apache-tomcat-8.0.32
02-Mar-2016 07:47:36.169 INFO [main] org.apache.catalina.startup.VersionLoggerListener.log Command line argument: -Djava.io.tmpdir=/home/martin/development/school/Inet/lab5/src/apache-tomcat-8.0.32/temp
02-Mar-2016 07:47:36.169 INFO [main] org.apache.catalina.core.AprLifecycleListener.lifecycleEvent The APR based Apache Tomcat Native library which allows optimal performance in production environments was not found on the java.library.path: /usr/java/packages/lib/amd64:/usr/lib64:/lib64:/lib:/usr/lib
02-Mar-2016 07:47:36.487 INFO [main] org.apache.coyote.AbstractProtocol.init Initializing ProtocolHandler ["http-nio-8181"]
02-Mar-2016 07:47:36.543 INFO [main] org.apache.tomcat.util.net.NioSelectorPool.getSharedSelector Using a shared selector for servlet write/read
02-Mar-2016 07:47:36.548 INFO [main] org.apache.coyote.AbstractProtocol.init Initializing ProtocolHandler ["ajp-nio-8009"]
02-Mar-2016 07:47:36.557 INFO [main] org.apache.tomcat.util.net.NioSelectorPool.getSharedSelector Using a shared selector for servlet write/read
02-Mar-2016 07:47:36.558 INFO [main] org.apache.catalina.startup.Catalina.load Initialization processed in 1128 ms
02-Mar-2016 07:47:36.638 INFO [main] org.apache.catalina.core.StandardService.startInternal Starting service Catalina
02-Mar-2016 07:47:36.638 INFO [main] org.apache.catalina.core.StandardEngine.startInternal Starting Servlet Engine: Apache Tomcat/8.0.32
02-Mar-2016 07:47:36.681 INFO [localhost-startStop-1] org.apache.catalina.startup.HostConfig.deployWAR Deploying web application archive /home/martin/development/school/Inet/lab5/src/apache-tomcat-8.0.32/webapps/forum_bean.war
02-Mar-2016 07:47:37.833 INFO [localhost-startStop-1] org.apache.jasper.servlet.TldScanner.scanJars At least one JAR was scanned for TLDs yet contained no TLDs. Enable debug logging for this logger for a complete list of JARs that were scanned but no TLDs were found in them. Skipping unneeded JARs during scanning can improve startup time and JSP compilation time.
02-Mar-2016 07:47:37.938 INFO [localhost-startStop-1] org.apache.catalina.startup.HostConfig.deployWAR Deployment of web application archive /home/martin/development/school/Inet/lab5/src/apache-tomcat-8.0.32/webapps/forum_bean.war has finished in 1,256 ms
02-Mar-2016 07:47:37.940 INFO [localhost-startStop-1] org.apache.catalina.startup.HostConfig.deployWAR Deploying web application archive /home/martin/development/school/Inet/lab5/src/apache-tomcat-8.0.32/webapps/laboration5.war
02-Mar-2016 07:47:38.678 INFO [localhost-startStop-1] org.apache.jasper.servlet.TldScanner.scanJars At least one JAR was scanned for TLDs yet contained no TLDs. Enable debug logging for this logger for a complete list of JARs that were scanned but no TLDs were found in them. Skipping unneeded JARs during scanning can improve startup time and JSP compilation time.
02-Mar-2016 07:47:38.695 INFO [localhost-startStop-1] org.apache.catalina.startup.HostConfig.deployWAR Deployment of web application archive /home/martin/development/school/Inet/lab5/src/apache-tomcat-8.0.32/webapps/laboration5.war has finished in 756 ms
02-Mar-2016 07:47:38.697 INFO [localhost-startStop-1] org.apache.catalina.startup.HostConfig.deployDirectory Deploying web application directory /home/martin/development/school/Inet/lab5/src/apache-tomcat-8.0.32/webapps/examples
02-Mar-2016 07:47:39.366 INFO [localhost-startStop-1] org.apache.jasper.servlet.TldScanner.scanJars At least one JAR was scanned for TLDs yet contained no TLDs. Enable debug logging for this logger for a complete list of JARs that were scanned but no TLDs were found in them. Skipping unneeded JARs during scanning can improve startup time and JSP compilation time.
02-Mar-2016 07:47:39.393 INFO [localhost-startStop-1] org.apache.catalina.startup.HostConfig.deployDirectory Deployment of web application directory /home/martin/development/school/Inet/lab5/src/apache-tomcat-8.0.32/webapps/examples has finished in 696 ms
02-Mar-2016 07:47:39.393 INFO [localhost-startStop-1] org.apache.catalina.startup.HostConfig.deployDirectory Deploying web application directory /home/martin/development/school/Inet/lab5/src/apache-tomcat-8.0.32/webapps/host-manager
02-Mar-2016 07:47:39.631 INFO [localhost-startStop-1] org.apache.jasper.servlet.TldScanner.scanJars At least one JAR was scanned for TLDs yet contained no TLDs. Enable debug logging for this logger for a complete list of JARs that were scanned but no TLDs were found in them. Skipping unneeded JARs during scanning can improve startup time and JSP compilation time.
02-Mar-2016 07:47:39.638 INFO [localhost-startStop-1] org.apache.catalina.startup.HostConfig.deployDirectory Deployment of web application directory /home/martin/development/school/Inet/lab5/src/apache-tomcat-8.0.32/webapps/host-manager has finished in 245 ms
02-Mar-2016 07:47:39.639 INFO [localhost-startStop-1] org.apache.catalina.startup.HostConfig.deployDirectory Deploying web application directory /home/martin/development/school/Inet/lab5/src/apache-tomcat-8.0.32/webapps/ROOT
02-Mar-2016 07:47:39.815 INFO [localhost-startStop-1] org.apache.jasper.servlet.TldScanner.scanJars At least one JAR was scanned for TLDs yet contained no TLDs. Enable debug logging for this logger for a complete list of JARs that were scanned but no TLDs were found in them. Skipping unneeded JARs during scanning can improve startup time and JSP compilation time.
02-Mar-2016 07:47:39.819 INFO [localhost-startStop-1] org.apache.catalina.startup.HostConfig.deployDirectory Deployment of web application directory /home/martin/development/school/Inet/lab5/src/apache-tomcat-8.0.32/webapps/ROOT has finished in 181 ms
02-Mar-2016 07:47:39.819 INFO [localhost-startStop-1] org.apache.catalina.startup.HostConfig.deployDirectory Deploying web application directory /home/martin/development/school/Inet/lab5/src/apache-tomcat-8.0.32/webapps/test
02-Mar-2016 07:47:40.049 INFO [localhost-startStop-1] org.apache.jasper.servlet.TldScanner.scanJars At least one JAR was scanned for TLDs yet contained no TLDs. Enable debug logging for this logger for a complete list of JARs that were scanned but no TLDs were found in them. Skipping unneeded JARs during scanning can improve startup time and JSP compilation time.
02-Mar-2016 07:47:40.058 INFO [localhost-startStop-1] org.apache.catalina.startup.HostConfig.deployDirectory Deployment of web application directory /home/martin/development/school/Inet/lab5/src/apache-tomcat-8.0.32/webapps/test has finished in 239 ms
02-Mar-2016 07:47:40.059 INFO [localhost-startStop-1] org.apache.catalina.startup.HostConfig.deployDirectory Deploying web application directory /home/martin/development/school/Inet/lab5/src/apache-tomcat-8.0.32/webapps/manager
02-Mar-2016 07:47:40.219 INFO [localhost-startStop-1] org.apache.jasper.servlet.TldScanner.scanJars At least one JAR was scanned for TLDs yet contained no TLDs. Enable debug logging for this logger for a complete list of JARs that were scanned but no TLDs were found in them. Skipping unneeded JARs during scanning can improve startup time and JSP compilation time.
02-Mar-2016 07:47:40.222 INFO [localhost-startStop-1] org.apache.catalina.startup.HostConfig.deployDirectory Deployment of web application directory /home/martin/development/school/Inet/lab5/src/apache-tomcat-8.0.32/webapps/manager has finished in 164 ms
02-Mar-2016 07:47:40.222 INFO [localhost-startStop-1] org.apache.catalina.startup.HostConfig.deployDirectory Deploying web application directory /home/martin/development/school/Inet/lab5/src/apache-tomcat-8.0.32/webapps/docs
02-Mar-2016 07:47:40.362 INFO [localhost-startStop-1] org.apache.jasper.servlet.TldScanner.scanJars At least one JAR was scanned for TLDs yet contained no TLDs. Enable debug logging for this logger for a complete list of JARs that were scanned but no TLDs were found in them. Skipping unneeded JARs during scanning can improve startup time and JSP compilation time.
02-Mar-2016 07:47:40.365 INFO [localhost-startStop-1] org.apache.catalina.startup.HostConfig.deployDirectory Deployment of web application directory /home/martin/development/school/Inet/lab5/src/apache-tomcat-8.0.32/webapps/docs has finished in 143 ms
02-Mar-2016 07:47:40.372 INFO [main] org.apache.coyote.AbstractProtocol.start Starting ProtocolHandler ["http-nio-8181"]
02-Mar-2016 07:47:40.380 INFO [main] org.apache.coyote.AbstractProtocol.start Starting ProtocolHandler ["ajp-nio-8009"]
02-Mar-2016 07:47:40.381 INFO [main] org.apache.catalina.startup.Catalina.start Server startup in 3822 ms
02-Mar-2016 13:25:53.166 INFO [Thread-5] org.apache.coyote.AbstractProtocol.pause Pausing ProtocolHandler ["http-nio-8181"]
02-Mar-2016 13:25:53.229 INFO [Thread-5] org.apache.coyote.AbstractProtocol.pause Pausing ProtocolHandler ["ajp-nio-8009"]
02-Mar-2016 13:25:53.280 INFO [Thread-5] org.apache.catalina.core.StandardService.stopInternal Stopping service Catalina
02-Mar-2016 13:25:53.371 INFO [Thread-5] org.apache.coyote.AbstractProtocol.stop Stopping ProtocolHandler ["http-nio-8181"]
02-Mar-2016 13:25:53.374 INFO [Thread-5] org.apache.coyote.AbstractProtocol.stop Stopping ProtocolHandler ["ajp-nio-8009"]
02-Mar-2016 13:25:53.376 INFO [Thread-5] org.apache.coyote.AbstractProtocol.destroy Destroying ProtocolHandler ["http-nio-8181"]
02-Mar-2016 13:25:53.377 INFO [Thread-5] org.apache.coyote.AbstractProtocol.destroy Destroying ProtocolHandler ["ajp-nio-8009"]
